<?xml version="1.0" encoding="UTF-8"?>
<!-- Generated by org.testng.reporters.JUnitXMLReporter -->
<testsuite hostname="LAPTOP-RKLFL6RF" ignored="0" name="Default test" tests="5" failures="0" timestamp="2020-12-14T21:03:16 EST" time="0.061" errors="0">
  <testcase name="Booking_eticket_tc0" time="0.004" classname="com.secondtestng1214.FolloeKabirBhai1214"/>
  <testcase name="Booking_eticket_tc1" time="0.001" classname="com.secondtestng1214.FolloeKabirBhai1214"/>
  <testcase name="Bookingeticket_tc3" time="0.001" classname="com.secondtestng1214.FolloeKabirBhai1214"/>
  <testcase name="Booking_eticket_tc4" time="0.002" classname="com.secondtestng1214.FolloeKabirBhai1214"/>
  <testcase name="Booking_eticket_tc2" time="0.001" classname="com.secondtestng1214.FolloeKabirBhai1214"/>
</testsuite> <!-- Default test -->
