<?xml version="1.0" encoding="UTF-8"?>
<!-- Generated by org.testng.reporters.JUnitXMLReporter -->
<testsuite hostname="LAPTOP-RKLFL6RF" ignored="0" name="Test" tests="12" failures="0" timestamp="2020-12-14T20:02:58 EST" time="0.084" errors="0">
  <testcase name="Booking_eticket_tc0" time="0.005" classname="com.secondtestng1214.FolloeKabirBhai1214"/>
  <testcase name="Booking_eticket_tc1" time="0.001" classname="com.secondtestng1214.FolloeKabirBhai1214"/>
  <testcase name="Bookingeticket_tc3" time="0.001" classname="com.secondtestng1214.FolloeKabirBhai1214"/>
  <testcase name="Booking_eticket_tc4" time="0.001" classname="com.secondtestng1214.FolloeKabirBhai1214"/>
  <testcase name="Booking_eticket_tc2" time="0.0" classname="com.secondtestng1214.FolloeKabirBhai1214"/>
  <testcase name="Booking_Arrival_Time_tc0" time="0.001" classname="com.secondtestng1214.BookingFlight1214"/>
  <testcase name="Booking_DepartureCity_tc1" time="0.001" classname="com.secondtestng1214.BookingFlight1214"/>
  <testcase name="Booking_Duration_Flighttimetc3" time="0.0" classname="com.secondtestng1214.BookingFlight1214"/>
  <testcase name="Booking_Flight_Timetc2" time="0.001" classname="com.secondtestng1214.BookingFlight1214"/>
  <testcase name="Hotel_Check_In_Timetc2" time="0.001" classname="com.secondtestng1214.MyHolidayPackage"/>
  <testcase name="Hotel_Check_Out_Timetc3" time="0.001" classname="com.secondtestng1214.MyHolidayPackage"/>
  <testcase name="Hotel_tc1" time="0.002" classname="com.secondtestng1214.MyHolidayPackage"/>
</testsuite> <!-- Test -->
