<?xml version="1.0" encoding="UTF-8"?>
<testng-results skipped="0" failed="0" ignored="14" total="16" passed="2">
  <reporter-output>
  </reporter-output>
  <suite name="Suite" duration-ms="62" started-at="2020-12-15T22:46:55 EST" finished-at="2020-12-15T22:46:55 EST">
    <groups>
      <group name="Regression">
        <method signature="BookingCarRental.Bookingeticket_tc3()[pri:0, instance:com.secondtestng1214.BookingCarRental@5c5a1b69]" name="Bookingeticket_tc3" class="com.secondtestng1214.BookingCarRental"/>
        <method signature="BookingFlight1214.Booking_Flight_Timetc2()[pri:0, instance:com.secondtestng1214.BookingFlight1214@43814d18]" name="Booking_Flight_Timetc2" class="com.secondtestng1214.BookingFlight1214"/>
      </group> <!-- Regression -->
    </groups>
    <test name="Test" duration-ms="62" started-at="2020-12-15T22:46:55 EST" finished-at="2020-12-15T22:46:55 EST">
      <class name="com.secondtestng1214.BookingFlight1214">
        <test-method status="PASS" signature="Booking_Flight_Timetc2()[pri:0, instance:com.secondtestng1214.BookingFlight1214@43814d18]" name="Booking_Flight_Timetc2" duration-ms="7" started-at="2020-12-15T22:46:55 EST" finished-at="2020-12-15T22:46:55 EST">
          <reporter-output>
          </reporter-output>
        </test-method> <!-- Booking_Flight_Timetc2 -->
      </class> <!-- com.secondtestng1214.BookingFlight1214 -->
      <class name="com.secondtestng1214.BookingCarRental">
        <test-method status="PASS" signature="Bookingeticket_tc3()[pri:0, instance:com.secondtestng1214.BookingCarRental@5c5a1b69]" name="Bookingeticket_tc3" duration-ms="2" started-at="2020-12-15T22:46:55 EST" finished-at="2020-12-15T22:46:55 EST">
          <reporter-output>
          </reporter-output>
        </test-method> <!-- Bookingeticket_tc3 -->
      </class> <!-- com.secondtestng1214.BookingCarRental -->
    </test> <!-- Test -->
  </suite> <!-- Suite -->
</testng-results>
