<?xml version="1.0" encoding="UTF-8"?>
<!-- Generated by org.testng.reporters.JUnitXMLReporter -->
<testsuite hostname="LAPTOP-RKLFL6RF" ignored="14" name="Test" tests="2" failures="0" timestamp="2020-12-15T22:46:55 EST" time="0.062" errors="0">
  <testcase name="Booking_Flight_Timetc2" time="0.007" classname="com.secondtestng1214.BookingFlight1214"/>
  <testcase name="Bookingeticket_tc3" time="0.002" classname="com.secondtestng1214.BookingCarRental"/>
  <testcase name="Booking_eticket_tc1" time="0.0" classname="com.secondtestng1214.BookingCarRental">
    <ignored/>
  </testcase> <!-- Booking_eticket_tc1 -->
  <testcase name="Booking_eticket_tc0" time="0.0" classname="com.secondtestng1214.FolloeKabirBhai1214">
    <ignored/>
  </testcase> <!-- Booking_eticket_tc0 -->
  <testcase name="Booking_Duration_Flighttimetc3" time="0.0" classname="com.secondtestng1214.BookingFlight1214">
    <ignored/>
  </testcase> <!-- Booking_Duration_Flighttimetc3 -->
  <testcase name="Booking_Arrival_Time_tc0" time="0.0" classname="com.secondtestng1214.BookingFlight1214">
    <ignored/>
  </testcase> <!-- Booking_Arrival_Time_tc0 -->
  <testcase name="Booking_eticket_tc0" time="0.0" classname="com.secondtestng1214.BookingCarRental">
    <ignored/>
  </testcase> <!-- Booking_eticket_tc0 -->
  <testcase name="Booking_eticket_tc2" time="0.0" classname="com.secondtestng1214.BookingCarRental">
    <ignored/>
  </testcase> <!-- Booking_eticket_tc2 -->
  <testcase name="Hotel_tc1" time="0.0" classname="com.secondtestng1214.MyHolidayPackage">
    <ignored/>
  </testcase> <!-- Hotel_tc1 -->
  <testcase name="Booking_eticket_tc2" time="0.0" classname="com.secondtestng1214.FolloeKabirBhai1214">
    <ignored/>
  </testcase> <!-- Booking_eticket_tc2 -->
  <testcase name="Booking_eticket_tc1" time="0.0" classname="com.secondtestng1214.FolloeKabirBhai1214">
    <ignored/>
  </testcase> <!-- Booking_eticket_tc1 -->
  <testcase name="Hotel_Check_In_Timetc2" time="0.0" classname="com.secondtestng1214.MyHolidayPackage">
    <ignored/>
  </testcase> <!-- Hotel_Check_In_Timetc2 -->
  <testcase name="Bookingeticket_tc3" time="0.0" classname="com.secondtestng1214.FolloeKabirBhai1214">
    <ignored/>
  </testcase> <!-- Bookingeticket_tc3 -->
  <testcase name="Booking_eticket_tc4" time="0.0" classname="com.secondtestng1214.FolloeKabirBhai1214">
    <ignored/>
  </testcase> <!-- Booking_eticket_tc4 -->
  <testcase name="Booking_DepartureCity_tc1" time="0.0" classname="com.secondtestng1214.BookingFlight1214">
    <ignored/>
  </testcase> <!-- Booking_DepartureCity_tc1 -->
  <testcase name="Hotel_Check_Out_Timetc3" time="0.0" classname="com.secondtestng1214.MyHolidayPackage">
    <ignored/>
  </testcase> <!-- Hotel_Check_Out_Timetc3 -->
</testsuite> <!-- Test -->
